<?xml version="1.0" encoding="UTF-8"?>
<!-- Generated by org.testng.reporters.JUnitReportReporter -->
<testsuite skipped="0" hostname="PC0XKUKB190405" name="com.ak.sample.SampleTest" tests="1" failures="0" timestamp="24 Jun 2019 11:17:14 GMT" time="99.788" errors="0">
  <testcase name="testSampleTest1" time="99.788" classname="com.ak.sample.SampleTest"/>
</testsuite> <!-- com.ak.sample.SampleTest -->
