<?xml version="1.0" encoding="UTF-8"?>
<!-- Generated by org.testng.reporters.JUnitReportReporter -->
<testsuite skipped="0" hostname="PC0XKUKB190405" name="com.experitest.auto.AndroidDemoTest" tests="1" failures="0" timestamp="05 Jul 2019 13:32:31 GMT" time="48.831" errors="0">
  <testcase name="test" time="48.831" classname="com.experitest.auto.AndroidDemoTest"/>
</testsuite> <!-- com.experitest.auto.AndroidDemoTest -->
