<?xml version="1.0" encoding="UTF-8"?>
<!-- Generated by org.testng.reporters.JUnitReportReporter -->
<testsuite skipped="0" hostname="PC0XKUKB190405" name="com.experitest.auto.IOSDemoTest" tests="1" failures="0" timestamp="05 Jul 2019 13:32:31 GMT" time="24.163" errors="0">
  <testcase name="test" time="24.163" classname="com.experitest.auto.IOSDemoTest"/>
</testsuite> <!-- com.experitest.auto.IOSDemoTest -->
